2025-01-27 22:25:22,707 - INFO - ----- Started scrapping -----
2025-01-27 22:25:32,137 - INFO - User article = 'Strategies to mitigate student resistance to active learning'; citations = 380
2025-01-27 22:26:07,854 - INFO - fetching contents from 'https://scholar.google.com/scholar?start=0&hl=en&as_sdt=5,31&sciodt=0,31&cites=14886632062565532949&scipsc='
2025-01-27 22:26:25,509 - INFO - fetching contents from 'https://scholar.google.com/scholar?start=10&hl=en&as_sdt=5,31&sciodt=0,31&cites=14886632062565532949&scipsc='
2025-01-27 22:26:58,747 - INFO - fetching contents from 'https://scholar.google.com/scholar?start=20&hl=en&as_sdt=5,31&sciodt=0,31&cites=14886632062565532949&scipsc='
2025-01-27 22:27:36,351 - INFO - fetching contents from 'https://scholar.google.com/scholar?start=30&hl=en&as_sdt=5,31&sciodt=0,31&cites=14886632062565532949&scipsc='
2025-01-27 22:28:11,559 - INFO - fetching contents from 'https://scholar.google.com/scholar?start=40&hl=en&as_sdt=5,31&sciodt=0,31&cites=14886632062565532949&scipsc='
2025-01-27 22:29:00,653 - INFO - fetching contents from 'https://scholar.google.com/scholar?start=50&hl=en&as_sdt=5,31&sciodt=0,31&cites=14886632062565532949&scipsc='
2025-01-27 22:29:49,144 - INFO - fetching contents from 'https://scholar.google.com/scholar?start=60&hl=en&as_sdt=5,31&sciodt=0,31&cites=14886632062565532949&scipsc='
2025-01-27 22:30:18,639 - INFO - fetching contents from 'https://scholar.google.com/scholar?start=70&hl=en&as_sdt=5,31&sciodt=0,31&cites=14886632062565532949&scipsc='
2025-01-27 22:31:16,240 - INFO - fetching contents from 'https://scholar.google.com/scholar?start=80&hl=en&as_sdt=5,31&sciodt=0,31&cites=14886632062565532949&scipsc='
2025-01-27 22:31:36,441 - INFO - fetching contents from 'https://scholar.google.com/scholar?start=90&hl=en&as_sdt=5,31&sciodt=0,31&cites=14886632062565532949&scipsc='
2025-01-27 22:32:27,494 - INFO - fetching contents from 'https://scholar.google.com/scholar?start=100&hl=en&as_sdt=5,31&sciodt=0,31&cites=14886632062565532949&scipsc='
2025-01-27 22:33:18,294 - INFO - fetching contents from 'https://scholar.google.com/scholar?start=110&hl=en&as_sdt=5,31&sciodt=0,31&cites=14886632062565532949&scipsc='
2025-01-27 22:33:32,563 - INFO - fetching contents from 'https://scholar.google.com/scholar?start=120&hl=en&as_sdt=5,31&sciodt=0,31&cites=14886632062565532949&scipsc='
2025-01-27 22:33:48,585 - INFO - fetching contents from 'https://scholar.google.com/scholar?start=130&hl=en&as_sdt=5,31&sciodt=0,31&cites=14886632062565532949&scipsc='
2025-01-27 22:34:17,473 - INFO - fetching contents from 'https://scholar.google.com/scholar?start=140&hl=en&as_sdt=5,31&sciodt=0,31&cites=14886632062565532949&scipsc='
2025-01-27 22:34:17,504 - ERROR - unable to fetch title of article from '[CITATION][C] The Implementation of Joyful Learning Strategies using Experimental and Project Methods in Terms of Students' Creativity and Self-Discipline'
2025-01-27 22:35:06,915 - INFO - fetching contents from 'https://scholar.google.com/scholar?start=150&hl=en&as_sdt=5,31&sciodt=0,31&cites=14886632062565532949&scipsc='
2025-01-27 22:35:06,965 - ERROR - unable to fetch title of article from '[CITATION][C] The influence of learning environment and learning pressure on the student development of university--based on the mediating role of learning orientation …'
2025-01-27 22:35:53,117 - INFO - fetching contents from 'https://scholar.google.com/scholar?start=160&hl=en&as_sdt=5,31&sciodt=0,31&cites=14886632062565532949&scipsc='
2025-01-27 22:36:13,816 - INFO - fetching contents from 'https://scholar.google.com/scholar?start=170&hl=en&as_sdt=5,31&sciodt=0,31&cites=14886632062565532949&scipsc='
2025-01-27 22:36:59,894 - INFO - fetching contents from 'https://scholar.google.com/scholar?start=180&hl=en&as_sdt=5,31&sciodt=0,31&cites=14886632062565532949&scipsc='
2025-01-27 22:36:59,920 - ERROR - unable to fetch title of article from '[CITATION][C] Explorando a aceitação do collabprog como um facilitador de metodologias ativas no ensino de programação'
2025-01-27 22:37:39,181 - INFO - fetching contents from 'https://scholar.google.com/scholar?start=190&hl=en&as_sdt=5,31&sciodt=0,31&cites=14886632062565532949&scipsc='
2025-01-27 22:38:06,750 - INFO - fetching contents from 'https://scholar.google.com/scholar?start=200&hl=en&as_sdt=5,31&sciodt=0,31&cites=14886632062565532949&scipsc='
2025-01-27 22:38:49,338 - INFO - fetching contents from 'https://scholar.google.com/scholar?start=210&hl=en&as_sdt=5,31&sciodt=0,31&cites=14886632062565532949&scipsc='
2025-01-27 22:39:30,317 - INFO - fetching contents from 'https://scholar.google.com/scholar?start=220&hl=en&as_sdt=5,31&sciodt=0,31&cites=14886632062565532949&scipsc='
2025-01-27 22:40:19,916 - INFO - fetching contents from 'https://scholar.google.com/scholar?start=230&hl=en&as_sdt=5,31&sciodt=0,31&cites=14886632062565532949&scipsc='
2025-01-27 22:41:14,480 - INFO - fetching contents from 'https://scholar.google.com/scholar?start=240&hl=en&as_sdt=5,31&sciodt=0,31&cites=14886632062565532949&scipsc='
2025-01-27 22:41:14,516 - ERROR - unable to fetch title of article from '[CITATION][C] Critical Thinking: An Investigation Into How It Is Defined, Taught and Assessed in a Sample of Australian Undergraduate Engineering Education'
2025-01-27 22:41:36,545 - INFO - fetching contents from 'https://scholar.google.com/scholar?start=250&hl=en&as_sdt=5,31&sciodt=0,31&cites=14886632062565532949&scipsc='
2025-01-27 22:42:09,629 - INFO - fetching contents from 'https://scholar.google.com/scholar?start=260&hl=en&as_sdt=5,31&sciodt=0,31&cites=14886632062565532949&scipsc='
2025-01-27 22:42:09,660 - ERROR - unable to fetch title of article from '[CITATION][C] Exploring grade 9 teachers' experiences of enacting financial literacy/accounting in the Zululand district. Ucwaningo ngokwehlela othisha bebanga 9 …'
2025-01-27 22:42:53,269 - INFO - fetching contents from 'https://scholar.google.com/scholar?start=270&hl=en&as_sdt=5,31&sciodt=0,31&cites=14886632062565532949&scipsc='
2025-01-27 22:43:33,455 - INFO - fetching contents from 'https://scholar.google.com/scholar?start=280&hl=en&as_sdt=5,31&sciodt=0,31&cites=14886632062565532949&scipsc='
2025-01-27 22:43:33,486 - ERROR - unable to fetch title of article from '[CITATION][C] ANALYSIS OF PEDAGOGICAL SKILLS BEING PRACTICED BY ENGLISH TEACHERS AT SECONDARY LEVEL'
2025-01-27 22:44:04,098 - INFO - fetching contents from 'https://scholar.google.com/scholar?start=290&hl=en&as_sdt=5,31&sciodt=0,31&cites=14886632062565532949&scipsc='
2025-01-27 22:45:04,394 - INFO - fetching contents from 'https://scholar.google.com/scholar?start=300&hl=en&as_sdt=5,31&sciodt=0,31&cites=14886632062565532949&scipsc='
2025-01-27 22:45:04,435 - ERROR - unable to fetch title of article from '[CITATION][C] Active Learning–Isn't All Learning?'
2025-01-27 22:45:04,436 - ERROR - unable to fetch title of article from '[CITATION][C] Implementation of Inquiry Based Electrical and Electronic Instructional Module in Vocational School'
2025-01-27 22:46:01,699 - INFO - fetching contents from 'https://scholar.google.com/scholar?start=310&hl=en&as_sdt=5,31&sciodt=0,31&cites=14886632062565532949&scipsc='
2025-01-27 22:46:01,737 - ERROR - unable to fetch title of article from '[CITATION][C] Understanding and Mitigating STEM Student Resistance to Active Learning'
2025-01-27 22:46:59,425 - INFO - fetching contents from 'https://scholar.google.com/scholar?start=320&hl=en&as_sdt=5,31&sciodt=0,31&cites=14886632062565532949&scipsc='
2025-01-27 22:46:59,488 - ERROR - unable to fetch title of article from '[CITATION][C] Improving chemistry learning outcomes for vocational students using ARIAS learning model'
2025-01-27 22:47:45,587 - INFO - fetching contents from 'https://scholar.google.com/scholar?start=330&hl=en&as_sdt=5,31&sciodt=0,31&cites=14886632062565532949&scipsc='
2025-01-27 22:48:42,347 - INFO - fetching contents from 'https://scholar.google.com/scholar?start=340&hl=en&as_sdt=5,31&sciodt=0,31&cites=14886632062565532949&scipsc='
2025-01-27 22:48:57,861 - INFO - fetching contents from 'https://scholar.google.com/scholar?start=350&hl=en&as_sdt=5,31&sciodt=0,31&cites=14886632062565532949&scipsc='
2025-01-27 22:49:37,983 - INFO - fetching contents from 'https://scholar.google.com/scholar?start=360&hl=en&as_sdt=5,31&sciodt=0,31&cites=14886632062565532949&scipsc='
2025-01-27 22:50:00,099 - INFO - fetching contents from 'https://scholar.google.com/scholar?start=370&hl=en&as_sdt=5,31&sciodt=0,31&cites=14886632062565532949&scipsc='
2025-01-27 22:50:05,148 - INFO - User article = 'Instructor strategies to aid implementation of active learning: a systematic literature review'; citations = 153
2025-01-27 22:50:31,616 - INFO - fetching contents from 'https://scholar.google.com/scholar?start=0&hl=en&as_sdt=5,31&sciodt=0,31&cites=8849076752454824652&scipsc='
2025-01-27 22:50:58,227 - INFO - fetching contents from 'https://scholar.google.com/scholar?start=10&hl=en&as_sdt=5,31&sciodt=0,31&cites=8849076752454824652&scipsc='
2025-01-27 22:51:40,542 - INFO - fetching contents from 'https://scholar.google.com/scholar?start=20&hl=en&as_sdt=5,31&sciodt=0,31&cites=8849076752454824652&scipsc='
2025-01-27 22:51:55,769 - ERROR - status_code = 429; unable to fetch from 'https://scholar.google.com/scholar?start=30&hl=en&as_sdt=5,31&sciodt=0,31&cites=8849076752454824652&scipsc='
2025-01-27 22:52:23,122 - ERROR - status_code = 429; unable to fetch from 'https://scholar.google.com/scholar?start=40&hl=en&as_sdt=5,31&sciodt=0,31&cites=8849076752454824652&scipsc='
2025-01-27 22:52:36,603 - ERROR - status_code = 429; unable to fetch from 'https://scholar.google.com/scholar?start=50&hl=en&as_sdt=5,31&sciodt=0,31&cites=8849076752454824652&scipsc='
2025-01-27 22:53:02,472 - ERROR - status_code = 429; unable to fetch from 'https://scholar.google.com/scholar?start=60&hl=en&as_sdt=5,31&sciodt=0,31&cites=8849076752454824652&scipsc='
2025-01-27 22:53:23,547 - ERROR - status_code = 429; unable to fetch from 'https://scholar.google.com/scholar?start=70&hl=en&as_sdt=5,31&sciodt=0,31&cites=8849076752454824652&scipsc='
2025-01-27 22:53:47,559 - ERROR - status_code = 429; unable to fetch from 'https://scholar.google.com/scholar?start=80&hl=en&as_sdt=5,31&sciodt=0,31&cites=8849076752454824652&scipsc='
2025-01-27 22:54:40,406 - ERROR - status_code = 429; unable to fetch from 'https://scholar.google.com/scholar?start=90&hl=en&as_sdt=5,31&sciodt=0,31&cites=8849076752454824652&scipsc='
2025-01-27 22:55:09,267 - ERROR - status_code = 429; unable to fetch from 'https://scholar.google.com/scholar?start=100&hl=en&as_sdt=5,31&sciodt=0,31&cites=8849076752454824652&scipsc='
2025-01-27 22:55:51,372 - ERROR - status_code = 429; unable to fetch from 'https://scholar.google.com/scholar?start=110&hl=en&as_sdt=5,31&sciodt=0,31&cites=8849076752454824652&scipsc='
2025-01-27 22:56:37,618 - ERROR - status_code = 429; unable to fetch from 'https://scholar.google.com/scholar?start=120&hl=en&as_sdt=5,31&sciodt=0,31&cites=8849076752454824652&scipsc='
2025-01-27 22:57:16,998 - ERROR - status_code = 429; unable to fetch from 'https://scholar.google.com/scholar?start=130&hl=en&as_sdt=5,31&sciodt=0,31&cites=8849076752454824652&scipsc='
2025-01-27 22:58:12,709 - ERROR - status_code = 429; unable to fetch from 'https://scholar.google.com/scholar?start=140&hl=en&as_sdt=5,31&sciodt=0,31&cites=8849076752454824652&scipsc='
2025-01-27 22:58:36,090 - ERROR - status_code = 429; unable to fetch from 'https://scholar.google.com/scholar?start=150&hl=en&as_sdt=5,31&sciodt=0,31&cites=8849076752454824652&scipsc='
2025-01-27 22:58:41,123 - INFO - User article = 'Creating an instrument to measure student response to instructional practices'; citations = 145
2025-01-27 22:59:14,100 - ERROR - status_code = 429; unable to fetch from 'https://scholar.google.com/scholar?start=0&hl=en&as_sdt=5,31&sciodt=0,31&cites=9665427948842370941&scipsc='
2025-01-27 23:07:53,794 - INFO - ----- Started scrapping -----
2025-01-27 23:08:02,926 - INFO - User article = 'Strategies to mitigate student resistance to active learning'; citations = 380
2025-01-27 23:08:30,176 - ERROR - status_code = 429; unable to fetch from 'https://scholar.google.com/scholar?start=0&hl=en&as_sdt=5,31&sciodt=0,31&cites=14886632062565532949&scipsc='
